# JRE version: Java(TM) SE Runtime Environment (8.0_92-b14) (build 1.8.0_92-b14)
# Java VM: Java HotSpot(TM) Client VM (25.92-b14 mixed mode windows-x86 )
Heap:
 def new generation   total 14976K, used 1758K [0x04a00000, 0x05a30000, 0x09f50000)
  eden space 13376K,   6% used [0x04a00000, 0x04ae1288, 0x05710000)
  from space 1600K,  53% used [0x058a0000, 0x05976748, 0x05a30000)
  to   space 1600K,   0% used [0x05710000, 0x05710000, 0x058a0000)
 tenured generation   total 33096K, used 19856K [0x09f50000, 0x0bfa2000, 0x14a00000)
   the space 33096K,  59% used [0x09f50000, 0x0b2b4180, 0x0b2b4200, 0x0bfa2000)
 Metaspace       used 25750K, capacity 26988K, committed 27008K, reserved 27008K
GC Heap History (10 events):
Event: 1631.723 GC heap before
{Heap before GC invocations=88 (full 4):
 def new generation   total 12352K, used 11269K [0x04a00000, 0x05760000, 0x09f50000)
  eden space 11008K,  99% used [0x04a00000, 0x054bc6f8, 0x054c0000)
  from space 1344K,  20% used [0x054c0000, 0x05505088, 0x05610000)
  to   space 1344K,   0% used [0x05610000, 0x05610000, 0x05760000)
 tenured generation   total 27352K, used 18307K [0x09f50000, 0x0ba06000, 0x14a00000)
   the space 27352K,  66% used [0x09f50000, 0x0b130ff0, 0x0b131000, 0x0ba06000)
 Metaspace       used 25483K, capacity 26730K, committed 26752K, reserved 27008K
Event: 1631.727 GC heap after
Heap after GC invocations=89 (full 4):
 def new generation   total 12352K, used 1343K [0x04a00000, 0x05760000, 0x09f50000)
  eden space 11008K,   0% used [0x04a00000, 0x04a00000, 0x054c0000)
  from space 1344K,  99% used [0x05610000, 0x0575fff8, 0x05760000)
  to   space 1344K,   0% used [0x054c0000, 0x054c0000, 0x05610000)
 tenured generation   total 27352K, used 18681K [0x09f50000, 0x0ba06000, 0x14a00000)
   the space 27352K,  68% used [0x09f50000, 0x0b18e4e0, 0x0b18e600, 0x0ba06000)
 Metaspace       used 25483K, capacity 26730K, committed 26752K, reserved 27008K
}
Event: 1984.211 GC heap before
{Heap before GC invocations=89 (full 4):
 def new generation   total 12352K, used 12350K [0x04a00000, 0x05760000, 0x09f50000)
  eden space 11008K,  99% used [0x04a00000, 0x054bfab0, 0x054c0000)
  from space 1344K,  99% used [0x05610000, 0x0575fff8, 0x05760000)
  to   space 1344K,   0% used [0x054c0000, 0x054c0000, 0x05610000)
 tenured generation   total 27352K, used 18681K [0x09f50000, 0x0ba06000, 0x14a00000)
   the space 27352K,  68% used [0x09f50000, 0x0b18e4e0, 0x0b18e600, 0x0ba06000)
 Metaspace       used 25738K, capacity 27001K, committed 27008K, reserved 27008K
Event: 1984.220 GC heap after
Heap after GC invocations=90 (full 4):
 def new generation   total 12352K, used 1344K [0x04a00000, 0x05760000, 0x09f50000)
  eden space 11008K,   0% used [0x04a00000, 0x04a00000, 0x054c0000)
  from space 1344K, 100% used [0x054c0000, 0x05610000, 0x05610000)
  to   space 1344K,   0% used [0x05610000, 0x05610000, 0x05760000)
 tenured generation   total 27352K, used 21239K [0x09f50000, 0x0ba06000, 0x14a00000)
   the space 27352K,  77% used [0x09f50000, 0x0b40dc58, 0x0b40de00, 0x0ba06000)
 Metaspace       used 25738K, capacity 27001K, committed 27008K, reserved 27008K
}
Event: 2586.873 GC heap before
{Heap before GC invocations=90 (full 4):
 def new generation   total 12352K, used 12352K [0x04a00000, 0x05760000, 0x09f50000)
  eden space 11008K, 100% used [0x04a00000, 0x054c0000, 0x054c0000)
  from space 1344K, 100% used [0x054c0000, 0x05610000, 0x05610000)
  to   space 1344K,   0% used [0x05610000, 0x05610000, 0x05760000)
 tenured generation   total 27352K, used 21239K [0x09f50000, 0x0ba06000, 0x14a00000)
   the space 27352K,  77% used [0x09f50000, 0x0b40dc58, 0x0b40de00, 0x0ba06000)
 Metaspace       used 25758K, capacity 27001K, committed 27008K, reserved 27008K
Event: 2586.882 GC heap after
Heap after GC invocations=91 (full 4):
 def new generation   total 12352K, used 1344K [0x04a00000, 0x05760000, 0x09f50000)
  eden space 11008K,   0% used [0x04a00000, 0x04a00000, 0x054c0000)
  from space 1344K, 100% used [0x05610000, 0x05760000, 0x05760000)
  to   space 1344K,   0% used [0x054c0000, 0x054c0000, 0x05610000)
 tenured generation   total 27352K, used 25183K [0x09f50000, 0x0ba06000, 0x14a00000)
   the space 27352K,  92% used [0x09f50000, 0x0b7e7c38, 0x0b7e7e00, 0x0ba06000)
 Metaspace       used 25758K, capacity 27001K, committed 27008K, reserved 27008K
}
Event: 3004.875 GC heap before
{Heap before GC invocations=91 (full 4):
 def new generation   total 12352K, used 12352K [0x04a00000, 0x05760000, 0x09f50000)
  eden space 11008K, 100% used [0x04a00000, 0x054c0000, 0x054c0000)
  from space 1344K, 100% used [0x05610000, 0x05760000, 0x05760000)
  to   space 1344K,   0% used [0x054c0000, 0x054c0000, 0x05610000)
 tenured generation   total 27352K, used 25183K [0x09f50000, 0x0ba06000, 0x14a00000)
   the space 27352K,  92% used [0x09f50000, 0x0b7e7c38, 0x0b7e7e00, 0x0ba06000)
 Metaspace       used 25758K, capacity 27001K, committed 27008K, reserved 27008K
Event: 3004.971 GC heap after
Heap after GC invocations=92 (full 5):
 def new generation   total 14976K, used 0K [0x04a00000, 0x05a30000, 0x09f50000)
  eden space 13376K,   0% used [0x04a00000, 0x04a00000, 0x05710000)
  from space 1600K,   0% used [0x05710000, 0x05710000, 0x058a0000)
  to   space 1600K,   0% used [0x058a0000, 0x058a0000, 0x05a30000)
 tenured generation   total 33096K, used 19856K [0x09f50000, 0x0bfa2000, 0x14a00000)
   the space 33096K,  59% used [0x09f50000, 0x0b2b4180, 0x0b2b4200, 0x0bfa2000)
 Metaspace       used 25744K, capacity 26983K, committed 27008K, reserved 27008K
}
Event: 3069.695 GC heap before
{Heap before GC invocations=92 (full 5):
 def new generation   total 14976K, used 13367K [0x04a00000, 0x05a30000, 0x09f50000)
  eden space 13376K,  99% used [0x04a00000, 0x0570dc98, 0x05710000)
  from space 1600K,   0% used [0x05710000, 0x05710000, 0x058a0000)
  to   space 1600K,   0% used [0x058a0000, 0x058a0000, 0x05a30000)
 tenured generation   total 33096K, used 19856K [0x09f50000, 0x0bfa2000, 0x14a00000)
   the space 33096K,  59% used [0x09f50000, 0x0b2b4180, 0x0b2b4200, 0x0bfa2000)
 Metaspace       used 25746K, capacity 26983K, committed 27008K, reserved 27008K
Event: 3069.699 GC heap after
Heap after GC invocations=93 (full 5):
 def new generation   total 14976K, used 857K [0x04a00000, 0x05a30000, 0x09f50000)
  eden space 13376K,   0% used [0x04a00000, 0x04a00000, 0x05710000)
  from space 1600K,  53% used [0x058a0000, 0x05976748, 0x05a30000)
  to   space 1600K,   0% used [0x05710000, 0x05710000, 0x058a0000)
 tenured generation   total 33096K, used 19856K [0x09f50000, 0x0bfa2000, 0x14a00000)
   the space 33096K,  59% used [0x09f50000, 0x0b2b4180, 0x0b2b4200, 0x0bfa2000)
 Metaspace       used 25746K, capacity 26983K, committed 27008K, reserved 27008K
}

